<?xml version="1.0" encoding="UTF-8"?>
<!-- Generated by org.testng.reporters.JUnitReportReporter -->
<testsuite skipped="0" hostname="LAPTOP-R6FTOO8N" name="com.interview.peloton.AddBikeToCartTest" tests="1" failures="0" timestamp="29 Jul 2018 20:37:57 GMT" time="62.204" errors="0">
  <testcase name="addToCart" time="62.204" classname="com.interview.peloton.AddBikeToCartTest"/>
</testsuite> <!-- com.interview.peloton.AddBikeToCartTest -->
